<?xml version="1.0" encoding="UTF-8"?>
<!-- Generated by org.testng.reporters.JUnitReportReporter -->
<testsuite hostname="USER" failures="0" tests="1" name="firmvpjctpkg.paraexcel" time="10.166" errors="0" timestamp="2024-07-12T14:44:35 IST" skipped="0">
  <testcase classname="firmvpjctpkg.paraexcel" name="parabank" time="10.166"/>
</testsuite> <!-- firmvpjctpkg.paraexcel -->
