<?xml version="1.0" encoding="UTF-8"?>
<!-- Generated by org.testng.reporters.JUnitReportReporter -->
<testsuite hostname="USER" failures="0" tests="2" name="firmvpjctpkg.firmvclass" time="22.200" errors="0" timestamp="2024-06-28T15:29:09 IST" skipped="0">
  <testcase classname="firmvpjctpkg.firmvclass" name="hello" time="2.487"/>
  <testcase classname="firmvpjctpkg.firmvclass" name="hello" time="19.713"/>
</testsuite> <!-- firmvpjctpkg.firmvclass -->
