<?xml version="1.0" encoding="UTF-8"?>
<!-- Generated by org.testng.reporters.JUnitReportReporter -->
<testsuite hostname="USER" failures="0" tests="2" name="firmvpjctpkg.parabank" time="16.396" errors="0" timestamp="2024-07-01T15:15:02 IST" skipped="0">
  <testcase classname="firmvpjctpkg.parabank" name="register" time="8.874"/>
  <testcase classname="firmvpjctpkg.parabank" name="register" time="7.522"/>
</testsuite> <!-- firmvpjctpkg.parabank -->
