<?xml version="1.0" encoding="UTF-8"?>
<!-- Generated by org.testng.reporters.JUnitReportReporter -->
<testsuite hostname="USER" failures="0" tests="1" name="firmvpjctpkg.luma" time="43.086" errors="0" timestamp="2024-08-07T14:11:05 IST" skipped="0">
  <testcase classname="firmvpjctpkg.luma" name="lumapdt" time="43.086"/>
</testsuite> <!-- firmvpjctpkg.luma -->
